class: SpatialExperiment 
dim: 18085 119082 
metadata(1): BayesSpace.data
assays(3): '' counts logcounts
rownames(18085): SAMD11 NOC2L ... MT-ND6 MT-CYB
rowData names(2): symbol is.HVG
colnames(119082): s_016um_00107_00066-1 s_016um_00126_00213-1 ...
  s_016um_00361_00190-1 s_016um_00242_00130-1
colData names(16): barcode in_tissue ... col BS_k10
reducedDimNames(1): PCA
mainExpName: NULL
altExpNames(0):
spatialCoords names(2) : xcoord ycoord
imgData names(1): sample_id
 [1] "barcode"                      "in_tissue"                   
 [3] "array_row"                    "array_col"                   
 [5] "sample_id"                    "sum"                         
 [7] "detected"                     "subsets_mito_percent"        
 [9] "subsets_mito_sum"             "sum_discard"                 
[11] "detected_discard"             "subsets_mito_percent_discard"
[13] "sizeFactor"                   "row"                         
[15] "col"                          "BS_k10"                      
null device 
          1 
null device 
          1 
