   DatasetSize   TimeTaken
1        1e+03   1.1005584
2        1e+03   1.0701233
3        1e+03   0.9950546
4        1e+03   1.0105378
5        1e+03   1.0213042
6        1e+04   9.8169608
7        1e+04   9.6831690
8        1e+04   9.6788218
9        1e+04   9.7277290
10       1e+04  10.0357287
11       5e+04  50.3684957
12       5e+04  56.4557891
13       5e+04  53.7689093
14       5e+04  49.7156068
15       5e+04  56.7546266
16       1e+05 106.0370531
17       1e+05 110.8568960
18       1e+05  98.7849616
19       1e+05  96.5191327
20       1e+05 110.2801987
21       4e+05 394.6571552
22       4e+05 428.9445659
23       4e+05 401.0505132
24       4e+05 403.3702558
25       4e+05 383.7907023
null device 
          1 
